# Logfile created on 2016-10-13 16:01:08 -0300 by logger.rb/54362
  INFO ---------------------------------------------------------------------------
  INFO START 2016-10-13 16:01:08 -0300 cap production deploy
  INFO ---------------------------------------------------------------------------
  INFO [ad70fe8e] Running /usr/bin/env mkdir -p /tmp as votaprato@localhost
 DEBUG [ad70fe8e] Command: /usr/bin/env mkdir -p /tmp
  INFO ---------------------------------------------------------------------------
  INFO START 2016-10-13 16:04:14 -0300 cap production deploy
  INFO ---------------------------------------------------------------------------
  INFO [3d2f2d96] Running /usr/bin/env mkdir -p /tmp as votaprato@localhost
 DEBUG [3d2f2d96] Command: /usr/bin/env mkdir -p /tmp
  INFO [3d2f2d96] Finished in 6.967 seconds with exit status 0 (successful).
 DEBUG Uploading /tmp/git-ssh-VotaPrato-production-emanoel.sh 0.0%
  INFO Uploading /tmp/git-ssh-VotaPrato-production-emanoel.sh 100.0%
  INFO [4515dea4] Running /usr/bin/env chmod 700 /tmp/git-ssh-VotaPrato-production-emanoel.sh as votaprato@localhost
 DEBUG [4515dea4] Command: /usr/bin/env chmod 700 /tmp/git-ssh-VotaPrato-production-emanoel.sh
  INFO [4515dea4] Finished in 0.010 seconds with exit status 0 (successful).
  INFO [2906086f] Running /usr/bin/env git ls-remote --heads https://github.com/emanoelopes/cp2-rails.git as votaprato@localhost
 DEBUG [2906086f] Command: ( export GIT_ASKPASS="/bin/echo" GIT_SSH="/tmp/git-ssh-VotaPrato-production-emanoel.sh" ; /usr/bin/env git ls-remote --heads https://github.com/emanoelopes/cp2-rails.git )
 DEBUG [2906086f] 	81e4ff06fffc6753ab71d321ecad851b5eb70aea	refs/heads/master
4769ce399102e28ce07f5b331a950a0dc211b41c	refs/heads/rails-observers
81e4ff06fffc6753ab71d321ecad851b5eb70aea	refs/heads/wisper
  INFO [2906086f] Finished in 2.586 seconds with exit status 0 (successful).
  INFO [ce2a7ba2] Running /usr/bin/env mkdir -p /var/www/votaprato/app/shared /var/www/votaprato/app/releases as votaprato@localhost
 DEBUG [ce2a7ba2] Command: /usr/bin/env mkdir -p /var/www/votaprato/app/shared /var/www/votaprato/app/releases
 DEBUG [ce2a7ba2] 	mkdir: é impossível criar o diretório “/var/www/votaprato”
 DEBUG [ce2a7ba2] 	: Permissão negada
mkdir: é impossível criar o diretório “/var/www/votaprato”: Permissão negada
  INFO ---------------------------------------------------------------------------
  INFO START 2016-10-13 16:04:54 -0300 cap production deploy
  INFO ---------------------------------------------------------------------------
  INFO [d47e3e06] Running /usr/bin/env mkdir -p /tmp as votaprato@localhost
 DEBUG [d47e3e06] Command: /usr/bin/env mkdir -p /tmp
  INFO [d47e3e06] Finished in 0.347 seconds with exit status 0 (successful).
 DEBUG Uploading /tmp/git-ssh-VotaPrato-production-emanoel.sh 0.0%
  INFO Uploading /tmp/git-ssh-VotaPrato-production-emanoel.sh 100.0%
  INFO [c8f10e5c] Running /usr/bin/env chmod 700 /tmp/git-ssh-VotaPrato-production-emanoel.sh as votaprato@localhost
 DEBUG [c8f10e5c] Command: /usr/bin/env chmod 700 /tmp/git-ssh-VotaPrato-production-emanoel.sh
  INFO [c8f10e5c] Finished in 0.008 seconds with exit status 0 (successful).
  INFO [6949e37e] Running /usr/bin/env git ls-remote --heads https://github.com/emanoelopes/cp2-rails.git as votaprato@localhost
 DEBUG [6949e37e] Command: ( export GIT_ASKPASS="/bin/echo" GIT_SSH="/tmp/git-ssh-VotaPrato-production-emanoel.sh" ; /usr/bin/env git ls-remote --heads https://github.com/emanoelopes/cp2-rails.git )
 DEBUG [6949e37e] 	81e4ff06fffc6753ab71d321ecad851b5eb70aea	refs/heads/master
4769ce399102e28ce07f5b331a950a0dc211b41c	refs/heads/rails-observers
81e4ff06fffc6753ab71d321ecad851b5eb70aea	refs/heads/wisper
  INFO [6949e37e] Finished in 0.928 seconds with exit status 0 (successful).
  INFO [7f3c0e16] Running /usr/bin/env mkdir -p /var/www/votaprato/app/shared /var/www/votaprato/app/releases as votaprato@localhost
 DEBUG [7f3c0e16] Command: /usr/bin/env mkdir -p /var/www/votaprato/app/shared /var/www/votaprato/app/releases
 DEBUG [7f3c0e16] 	mkdir: é impossível criar o diretório “/var/www/votaprato/app”
 DEBUG [7f3c0e16] 	: Permissão negada
mkdir: é impossível criar o diretório “/var/www/votaprato/app”: Permissão negada
  INFO ---------------------------------------------------------------------------
  INFO START 2016-10-13 16:05:32 -0300 cap production deploy
  INFO ---------------------------------------------------------------------------
  INFO [3d1a949a] Running /usr/bin/env mkdir -p /tmp as votaprato@localhost
 DEBUG [3d1a949a] Command: /usr/bin/env mkdir -p /tmp
  INFO [3d1a949a] Finished in 0.325 seconds with exit status 0 (successful).
 DEBUG Uploading /tmp/git-ssh-VotaPrato-production-emanoel.sh 0.0%
  INFO Uploading /tmp/git-ssh-VotaPrato-production-emanoel.sh 100.0%
  INFO [19cc0c4a] Running /usr/bin/env chmod 700 /tmp/git-ssh-VotaPrato-production-emanoel.sh as votaprato@localhost
 DEBUG [19cc0c4a] Command: /usr/bin/env chmod 700 /tmp/git-ssh-VotaPrato-production-emanoel.sh
  INFO [19cc0c4a] Finished in 0.011 seconds with exit status 0 (successful).
  INFO [5684b6a1] Running /usr/bin/env git ls-remote --heads https://github.com/emanoelopes/cp2-rails.git as votaprato@localhost
 DEBUG [5684b6a1] Command: ( export GIT_ASKPASS="/bin/echo" GIT_SSH="/tmp/git-ssh-VotaPrato-production-emanoel.sh" ; /usr/bin/env git ls-remote --heads https://github.com/emanoelopes/cp2-rails.git )
 DEBUG [5684b6a1] 	81e4ff06fffc6753ab71d321ecad851b5eb70aea	refs/heads/master
4769ce399102e28ce07f5b331a950a0dc211b41c	refs/heads/rails-observers
81e4ff06fffc6753ab71d321ecad851b5eb70aea	refs/heads/wisper
  INFO [5684b6a1] Finished in 1.811 seconds with exit status 0 (successful).
  INFO [e1d44fda] Running /usr/bin/env mkdir -p /var/www/votaprato/app/shared /var/www/votaprato/app/releases as votaprato@localhost
 DEBUG [e1d44fda] Command: /usr/bin/env mkdir -p /var/www/votaprato/app/shared /var/www/votaprato/app/releases
 DEBUG [e1d44fda] 	mkdir: é impossível criar o diretório “/var/www/votaprato/app/shared”
 DEBUG [e1d44fda] 	: Permissão negada
mkdir: é impossível criar o diretório “/var/www/votaprato/app/releases”: Permissão negada
  INFO ---------------------------------------------------------------------------
  INFO START 2016-10-13 16:06:18 -0300 cap production deploy
  INFO ---------------------------------------------------------------------------
  INFO [6439a2e2] Running /usr/bin/env mkdir -p /tmp as votaprato@localhost
 DEBUG [6439a2e2] Command: /usr/bin/env mkdir -p /tmp
  INFO [6439a2e2] Finished in 0.320 seconds with exit status 0 (successful).
 DEBUG Uploading /tmp/git-ssh-VotaPrato-production-emanoel.sh 0.0%
  INFO Uploading /tmp/git-ssh-VotaPrato-production-emanoel.sh 100.0%
  INFO [db749d6e] Running /usr/bin/env chmod 700 /tmp/git-ssh-VotaPrato-production-emanoel.sh as votaprato@localhost
 DEBUG [db749d6e] Command: /usr/bin/env chmod 700 /tmp/git-ssh-VotaPrato-production-emanoel.sh
  INFO [db749d6e] Finished in 0.010 seconds with exit status 0 (successful).
  INFO [8a510737] Running /usr/bin/env git ls-remote --heads https://github.com/emanoelopes/cp2-rails.git as votaprato@localhost
 DEBUG [8a510737] Command: ( export GIT_ASKPASS="/bin/echo" GIT_SSH="/tmp/git-ssh-VotaPrato-production-emanoel.sh" ; /usr/bin/env git ls-remote --heads https://github.com/emanoelopes/cp2-rails.git )
 DEBUG [8a510737] 	81e4ff06fffc6753ab71d321ecad851b5eb70aea	refs/heads/master
4769ce399102e28ce07f5b331a950a0dc211b41c	refs/heads/rails-observers
81e4ff06fffc6753ab71d321ecad851b5eb70aea	refs/heads/wisper
  INFO [8a510737] Finished in 0.961 seconds with exit status 0 (successful).
  INFO [9a5ae1b8] Running /usr/bin/env mkdir -p /var/www/votaprato/app/shared /var/www/votaprato/app/releases as votaprato@localhost
 DEBUG [9a5ae1b8] Command: /usr/bin/env mkdir -p /var/www/votaprato/app/shared /var/www/votaprato/app/releases
  INFO [9a5ae1b8] Finished in 0.006 seconds with exit status 0 (successful).
  INFO [20a41af6] Running /usr/bin/env mkdir -p /var/www/votaprato/app/shared/public/assets as votaprato@localhost
 DEBUG [20a41af6] Command: /usr/bin/env mkdir -p /var/www/votaprato/app/shared/public/assets
  INFO [20a41af6] Finished in 0.006 seconds with exit status 0 (successful).
 DEBUG [b9b10a14] Running [ -f /var/www/votaprato/app/current/REVISION ] as votaprato@localhost
 DEBUG [b9b10a14] Command: [ -f /var/www/votaprato/app/current/REVISION ]
 DEBUG [b9b10a14] Finished in 0.006 seconds with exit status 1 (failed).
 DEBUG [46124e18] Running [ -f /var/www/votaprato/app/repo/HEAD ] as votaprato@localhost
 DEBUG [46124e18] Command: [ -f /var/www/votaprato/app/repo/HEAD ]
 DEBUG [46124e18] Finished in 0.006 seconds with exit status 1 (failed).
 DEBUG [6371a949] Running if test ! -d /var/www/votaprato/app; then echo "Directory does not exist '/var/www/votaprato/app'" 1>&2; false; fi as votaprato@localhost
 DEBUG [6371a949] Command: if test ! -d /var/www/votaprato/app; then echo "Directory does not exist '/var/www/votaprato/app'" 1>&2; false; fi
 DEBUG [6371a949] Finished in 0.006 seconds with exit status 0 (successful).
  INFO [098268c0] Running /usr/bin/env git clone --mirror https://github.com/emanoelopes/cp2-rails.git /var/www/votaprato/app/repo as votaprato@localhost
 DEBUG [098268c0] Command: cd /var/www/votaprato/app && ( export GIT_ASKPASS="/bin/echo" GIT_SSH="/tmp/git-ssh-VotaPrato-production-emanoel.sh" ; /usr/bin/env git clone --mirror https://github.com/emanoelopes/cp2-rails.git /var/www/votaprato/app/repo )
 DEBUG [098268c0] 	Cloning into bare repository '/var/www/votaprato/app/repo'...
  INFO [098268c0] Finished in 2.206 seconds with exit status 0 (successful).
 DEBUG [31a0b616] Running if test ! -d /var/www/votaprato/app/repo; then echo "Directory does not exist '/var/www/votaprato/app/repo'" 1>&2; false; fi as votaprato@localhost
 DEBUG [31a0b616] Command: if test ! -d /var/www/votaprato/app/repo; then echo "Directory does not exist '/var/www/votaprato/app/repo'" 1>&2; false; fi
 DEBUG [31a0b616] Finished in 0.005 seconds with exit status 0 (successful).
  INFO [8bb99acd] Running /usr/bin/env git remote update --prune as votaprato@localhost
 DEBUG [8bb99acd] Command: cd /var/www/votaprato/app/repo && ( export GIT_ASKPASS="/bin/echo" GIT_SSH="/tmp/git-ssh-VotaPrato-production-emanoel.sh" ; /usr/bin/env git remote update --prune )
 DEBUG [8bb99acd] 	Fetching origin
  INFO [8bb99acd] Finished in 0.956 seconds with exit status 0 (successful).
 DEBUG [694873d3] Running if test ! -d /var/www/votaprato/app/repo; then echo "Directory does not exist '/var/www/votaprato/app/repo'" 1>&2; false; fi as votaprato@localhost
 DEBUG [694873d3] Command: if test ! -d /var/www/votaprato/app/repo; then echo "Directory does not exist '/var/www/votaprato/app/repo'" 1>&2; false; fi
 DEBUG [694873d3] Finished in 0.005 seconds with exit status 0 (successful).
  INFO [d2d89a33] Running /usr/bin/env mkdir -p /var/www/votaprato/app/releases/20161013190619 as votaprato@localhost
 DEBUG [d2d89a33] Command: cd /var/www/votaprato/app/repo && ( export GIT_ASKPASS="/bin/echo" GIT_SSH="/tmp/git-ssh-VotaPrato-production-emanoel.sh" ; /usr/bin/env mkdir -p /var/www/votaprato/app/releases/20161013190619 )
  INFO [d2d89a33] Finished in 0.012 seconds with exit status 0 (successful).
  INFO [fdd76ab1] Running /usr/bin/env git archive master | tar -x -f - -C /var/www/votaprato/app/releases/20161013190619 as votaprato@localhost
 DEBUG [fdd76ab1] Command: cd /var/www/votaprato/app/repo && ( export GIT_ASKPASS="/bin/echo" GIT_SSH="/tmp/git-ssh-VotaPrato-production-emanoel.sh" ; /usr/bin/env git archive master | tar -x -f - -C /var/www/votaprato/app/releases/20161013190619 )
  INFO [fdd76ab1] Finished in 0.067 seconds with exit status 0 (successful).
 DEBUG [501d6cc3] Running if test ! -d /var/www/votaprato/app/repo; then echo "Directory does not exist '/var/www/votaprato/app/repo'" 1>&2; false; fi as votaprato@localhost
 DEBUG [501d6cc3] Command: if test ! -d /var/www/votaprato/app/repo; then echo "Directory does not exist '/var/www/votaprato/app/repo'" 1>&2; false; fi
 DEBUG [501d6cc3] Finished in 0.005 seconds with exit status 0 (successful).
 DEBUG [158ba57c] Running /usr/bin/env git rev-list --max-count=1 master as votaprato@localhost
 DEBUG [158ba57c] Command: cd /var/www/votaprato/app/repo && ( export GIT_ASKPASS="/bin/echo" GIT_SSH="/tmp/git-ssh-VotaPrato-production-emanoel.sh" ; /usr/bin/env git rev-list --max-count=1 master )
 DEBUG [158ba57c] 	81e4ff06fffc6753ab71d321ecad851b5eb70aea
 DEBUG [158ba57c] Finished in 0.009 seconds with exit status 0 (successful).
 DEBUG [ed0d3725] Running if test ! -d /var/www/votaprato/app/releases/20161013190619; then echo "Directory does not exist '/var/www/votaprato/app/releases/20161013190619'" 1>&2; false; fi as votaprato@localhost
 DEBUG [ed0d3725] Command: if test ! -d /var/www/votaprato/app/releases/20161013190619; then echo "Directory does not exist '/var/www/votaprato/app/releases/20161013190619'" 1>&2; false; fi
 DEBUG [ed0d3725] Finished in 0.005 seconds with exit status 0 (successful).
  INFO [66838f82] Running /usr/bin/env echo "81e4ff06fffc6753ab71d321ecad851b5eb70aea" >> REVISION as votaprato@localhost
 DEBUG [66838f82] Command: cd /var/www/votaprato/app/releases/20161013190619 && /usr/bin/env echo "81e4ff06fffc6753ab71d321ecad851b5eb70aea" >> REVISION
  INFO [66838f82] Finished in 0.011 seconds with exit status 0 (successful).
  INFO [ac844558] Running /usr/bin/env mkdir -p /var/www/votaprato/app/releases/20161013190619/public as votaprato@localhost
 DEBUG [ac844558] Command: /usr/bin/env mkdir -p /var/www/votaprato/app/releases/20161013190619/public
  INFO [ac844558] Finished in 0.008 seconds with exit status 0 (successful).
 DEBUG [29fc76eb] Running [ -L /var/www/votaprato/app/releases/20161013190619/public/assets ] as votaprato@localhost
 DEBUG [29fc76eb] Command: [ -L /var/www/votaprato/app/releases/20161013190619/public/assets ]
 DEBUG [29fc76eb] Finished in 0.005 seconds with exit status 1 (failed).
 DEBUG [3050e974] Running [ -d /var/www/votaprato/app/releases/20161013190619/public/assets ] as votaprato@localhost
 DEBUG [3050e974] Command: [ -d /var/www/votaprato/app/releases/20161013190619/public/assets ]
 DEBUG [3050e974] Finished in 0.005 seconds with exit status 1 (failed).
  INFO [21179dff] Running /usr/bin/env ln -s /var/www/votaprato/app/shared/public/assets /var/www/votaprato/app/releases/20161013190619/public/assets as votaprato@localhost
 DEBUG [21179dff] Command: /usr/bin/env ln -s /var/www/votaprato/app/shared/public/assets /var/www/votaprato/app/releases/20161013190619/public/assets
  INFO [21179dff] Finished in 0.007 seconds with exit status 0 (successful).
 DEBUG [fd9b98a2] Running if test ! -d /var/www/votaprato/app/releases/20161013190619; then echo "Directory does not exist '/var/www/votaprato/app/releases/20161013190619'" 1>&2; false; fi as votaprato@localhost
 DEBUG [fd9b98a2] Command: if test ! -d /var/www/votaprato/app/releases/20161013190619; then echo "Directory does not exist '/var/www/votaprato/app/releases/20161013190619'" 1>&2; false; fi
 DEBUG [fd9b98a2] Finished in 0.006 seconds with exit status 0 (successful).
 DEBUG [08982ff3] Running /usr/bin/env bundle check --path /var/www/votaprato/app/shared/bundle as votaprato@localhost
 DEBUG [08982ff3] Command: cd /var/www/votaprato/app/releases/20161013190619 && /usr/bin/env bundle check --path /var/www/votaprato/app/shared/bundle
 DEBUG [08982ff3] 	Could not locate Gemfile
 DEBUG [08982ff3] Finished in 0.920 seconds with exit status 10 (failed).
  INFO [b054eaba] Running /usr/bin/env bundle install --path /var/www/votaprato/app/shared/bundle --without development test --deployment --quiet as votaprato@localhost
 DEBUG [b054eaba] Command: cd /var/www/votaprato/app/releases/20161013190619 && /usr/bin/env bundle install --path /var/www/votaprato/app/shared/bundle --without development test --deployment --quiet
 DEBUG [b054eaba] 	Could not locate Gemfile
  INFO ---------------------------------------------------------------------------
  INFO START 2016-10-13 16:10:19 -0300 cap production deploy
  INFO ---------------------------------------------------------------------------
  INFO [f968e009] Running /usr/bin/env mkdir -p /tmp as votaprato@localhost
 DEBUG [f968e009] Command: /usr/bin/env mkdir -p /tmp
  INFO [f968e009] Finished in 0.407 seconds with exit status 0 (successful).
 DEBUG Uploading /tmp/git-ssh-VotaPrato-production-emanoel.sh 0.0%
  INFO Uploading /tmp/git-ssh-VotaPrato-production-emanoel.sh 100.0%
  INFO [d054e41f] Running /usr/bin/env chmod 700 /tmp/git-ssh-VotaPrato-production-emanoel.sh as votaprato@localhost
 DEBUG [d054e41f] Command: /usr/bin/env chmod 700 /tmp/git-ssh-VotaPrato-production-emanoel.sh
  INFO [d054e41f] Finished in 0.010 seconds with exit status 0 (successful).
  INFO [7f50d71c] Running /usr/bin/env git ls-remote --heads https://github.com/emanoelopes/cp2-rails.git as votaprato@localhost
 DEBUG [7f50d71c] Command: ( export GIT_ASKPASS="/bin/echo" GIT_SSH="/tmp/git-ssh-VotaPrato-production-emanoel.sh" ; /usr/bin/env git ls-remote --heads https://github.com/emanoelopes/cp2-rails.git )
 DEBUG [7f50d71c] 	81e4ff06fffc6753ab71d321ecad851b5eb70aea	refs/heads/master
4769ce399102e28ce07f5b331a950a0dc211b41c	refs/heads/rails-observers
81e4ff06fffc6753ab71d321ecad851b5eb70aea	refs/heads/wisper
  INFO [7f50d71c] Finished in 1.049 seconds with exit status 0 (successful).
  INFO [8984ab60] Running /usr/bin/env mkdir -p /var/www/votaprato/app/shared /var/www/votaprato/app/releases as votaprato@localhost
 DEBUG [8984ab60] Command: /usr/bin/env mkdir -p /var/www/votaprato/app/shared /var/www/votaprato/app/releases
  INFO [8984ab60] Finished in 0.006 seconds with exit status 0 (successful).
  INFO [b8e48a01] Running /usr/bin/env mkdir -p /var/www/votaprato/app/shared/public/assets as votaprato@localhost
 DEBUG [b8e48a01] Command: /usr/bin/env mkdir -p /var/www/votaprato/app/shared/public/assets
  INFO [b8e48a01] Finished in 0.006 seconds with exit status 0 (successful).
 DEBUG [85434c24] Running [ -f /var/www/votaprato/app/current/REVISION ] as votaprato@localhost
 DEBUG [85434c24] Command: [ -f /var/www/votaprato/app/current/REVISION ]
 DEBUG [85434c24] Finished in 0.005 seconds with exit status 1 (failed).
 DEBUG [35b799c3] Running [ -f /var/www/votaprato/app/repo/HEAD ] as votaprato@localhost
 DEBUG [35b799c3] Command: [ -f /var/www/votaprato/app/repo/HEAD ]
 DEBUG [35b799c3] Finished in 0.006 seconds with exit status 0 (successful).
  INFO The repository mirror is at /var/www/votaprato/app/repo
 DEBUG [84b1ed69] Running if test ! -d /var/www/votaprato/app/repo; then echo "Directory does not exist '/var/www/votaprato/app/repo'" 1>&2; false; fi as votaprato@localhost
 DEBUG [84b1ed69] Command: if test ! -d /var/www/votaprato/app/repo; then echo "Directory does not exist '/var/www/votaprato/app/repo'" 1>&2; false; fi
 DEBUG [84b1ed69] Finished in 0.006 seconds with exit status 0 (successful).
  INFO [963a1253] Running /usr/bin/env git remote update --prune as votaprato@localhost
 DEBUG [963a1253] Command: cd /var/www/votaprato/app/repo && ( export GIT_ASKPASS="/bin/echo" GIT_SSH="/tmp/git-ssh-VotaPrato-production-emanoel.sh" ; /usr/bin/env git remote update --prune )
 DEBUG [963a1253] 	Fetching origin
  INFO [963a1253] Finished in 2.634 seconds with exit status 0 (successful).
 DEBUG [35aead33] Running if test ! -d /var/www/votaprato/app/repo; then echo "Directory does not exist '/var/www/votaprato/app/repo'" 1>&2; false; fi as votaprato@localhost
 DEBUG [35aead33] Command: if test ! -d /var/www/votaprato/app/repo; then echo "Directory does not exist '/var/www/votaprato/app/repo'" 1>&2; false; fi
 DEBUG [35aead33] Finished in 0.005 seconds with exit status 0 (successful).
  INFO [196583fe] Running /usr/bin/env mkdir -p /var/www/votaprato/app/releases/20161013191021 as votaprato@localhost
 DEBUG [196583fe] Command: cd /var/www/votaprato/app/repo && ( export GIT_ASKPASS="/bin/echo" GIT_SSH="/tmp/git-ssh-VotaPrato-production-emanoel.sh" ; /usr/bin/env mkdir -p /var/www/votaprato/app/releases/20161013191021 )
  INFO [196583fe] Finished in 0.008 seconds with exit status 0 (successful).
  INFO [1d2c78ca] Running /usr/bin/env git archive master | tar -x -f - -C /var/www/votaprato/app/releases/20161013191021 as votaprato@localhost
 DEBUG [1d2c78ca] Command: cd /var/www/votaprato/app/repo && ( export GIT_ASKPASS="/bin/echo" GIT_SSH="/tmp/git-ssh-VotaPrato-production-emanoel.sh" ; /usr/bin/env git archive master | tar -x -f - -C /var/www/votaprato/app/releases/20161013191021 )
  INFO [1d2c78ca] Finished in 0.034 seconds with exit status 0 (successful).
 DEBUG [3fbb2137] Running if test ! -d /var/www/votaprato/app/repo; then echo "Directory does not exist '/var/www/votaprato/app/repo'" 1>&2; false; fi as votaprato@localhost
 DEBUG [3fbb2137] Command: if test ! -d /var/www/votaprato/app/repo; then echo "Directory does not exist '/var/www/votaprato/app/repo'" 1>&2; false; fi
 DEBUG [3fbb2137] Finished in 0.005 seconds with exit status 0 (successful).
 DEBUG [2c096eb5] Running /usr/bin/env git rev-list --max-count=1 master as votaprato@localhost
 DEBUG [2c096eb5] Command: cd /var/www/votaprato/app/repo && ( export GIT_ASKPASS="/bin/echo" GIT_SSH="/tmp/git-ssh-VotaPrato-production-emanoel.sh" ; /usr/bin/env git rev-list --max-count=1 master )
 DEBUG [2c096eb5] 	81e4ff06fffc6753ab71d321ecad851b5eb70aea
 DEBUG [2c096eb5] Finished in 0.010 seconds with exit status 0 (successful).
 DEBUG [e72291e2] Running if test ! -d /var/www/votaprato/app/releases/20161013191021; then echo "Directory does not exist '/var/www/votaprato/app/releases/20161013191021'" 1>&2; false; fi as votaprato@localhost
 DEBUG [e72291e2] Command: if test ! -d /var/www/votaprato/app/releases/20161013191021; then echo "Directory does not exist '/var/www/votaprato/app/releases/20161013191021'" 1>&2; false; fi
 DEBUG [e72291e2] Finished in 0.006 seconds with exit status 0 (successful).
  INFO [5ef4b4e8] Running /usr/bin/env echo "81e4ff06fffc6753ab71d321ecad851b5eb70aea" >> REVISION as votaprato@localhost
 DEBUG [5ef4b4e8] Command: cd /var/www/votaprato/app/releases/20161013191021 && /usr/bin/env echo "81e4ff06fffc6753ab71d321ecad851b5eb70aea" >> REVISION
  INFO [5ef4b4e8] Finished in 0.007 seconds with exit status 0 (successful).
  INFO [ff2e6fbc] Running /usr/bin/env mkdir -p /var/www/votaprato/app/releases/20161013191021/public as votaprato@localhost
 DEBUG [ff2e6fbc] Command: /usr/bin/env mkdir -p /var/www/votaprato/app/releases/20161013191021/public
  INFO [ff2e6fbc] Finished in 0.007 seconds with exit status 0 (successful).
 DEBUG [fec2a1a4] Running [ -L /var/www/votaprato/app/releases/20161013191021/public/assets ] as votaprato@localhost
 DEBUG [fec2a1a4] Command: [ -L /var/www/votaprato/app/releases/20161013191021/public/assets ]
 DEBUG [fec2a1a4] Finished in 0.005 seconds with exit status 1 (failed).
 DEBUG [03fac609] Running [ -d /var/www/votaprato/app/releases/20161013191021/public/assets ] as votaprato@localhost
 DEBUG [03fac609] Command: [ -d /var/www/votaprato/app/releases/20161013191021/public/assets ]
 DEBUG [03fac609] Finished in 0.005 seconds with exit status 1 (failed).
  INFO [e50dfec6] Running /usr/bin/env ln -s /var/www/votaprato/app/shared/public/assets /var/www/votaprato/app/releases/20161013191021/public/assets as votaprato@localhost
 DEBUG [e50dfec6] Command: /usr/bin/env ln -s /var/www/votaprato/app/shared/public/assets /var/www/votaprato/app/releases/20161013191021/public/assets
  INFO [e50dfec6] Finished in 0.006 seconds with exit status 0 (successful).
 DEBUG [a0b77b27] Running if test ! -d /var/www/votaprato/app/releases/20161013191021; then echo "Directory does not exist '/var/www/votaprato/app/releases/20161013191021'" 1>&2; false; fi as votaprato@localhost
 DEBUG [a0b77b27] Command: if test ! -d /var/www/votaprato/app/releases/20161013191021; then echo "Directory does not exist '/var/www/votaprato/app/releases/20161013191021'" 1>&2; false; fi
 DEBUG [a0b77b27] Finished in 0.005 seconds with exit status 0 (successful).
 DEBUG [d1bba30a] Running /usr/bin/env bundle check --path /var/www/votaprato/app/shared/bundle as votaprato@localhost
 DEBUG [d1bba30a] Command: cd /var/www/votaprato/app/releases/20161013191021 && /usr/bin/env bundle check --path /var/www/votaprato/app/shared/bundle
 DEBUG [d1bba30a] 	Could not locate Gemfile
 DEBUG [d1bba30a] Finished in 0.327 seconds with exit status 10 (failed).
  INFO [0e9b54e2] Running /usr/bin/env bundle install --path /var/www/votaprato/app/shared/bundle --without development test --deployment --quiet as votaprato@localhost
 DEBUG [0e9b54e2] Command: cd /var/www/votaprato/app/releases/20161013191021 && /usr/bin/env bundle install --path /var/www/votaprato/app/shared/bundle --without development test --deployment --quiet
 DEBUG [0e9b54e2] 	Could not locate Gemfile
  INFO ---------------------------------------------------------------------------
  INFO START 2016-10-13 16:11:34 -0300 cap production deploy
  INFO ---------------------------------------------------------------------------
  INFO [7b834bc1] Running /usr/bin/env mkdir -p /tmp as votaprato@localhost
 DEBUG [7b834bc1] Command: /usr/bin/env mkdir -p /tmp
  INFO [7b834bc1] Finished in 0.343 seconds with exit status 0 (successful).
 DEBUG Uploading /tmp/git-ssh-VotaPrato-production-emanoel.sh 0.0%
  INFO Uploading /tmp/git-ssh-VotaPrato-production-emanoel.sh 100.0%
  INFO [bd49b0f3] Running /usr/bin/env chmod 700 /tmp/git-ssh-VotaPrato-production-emanoel.sh as votaprato@localhost
 DEBUG [bd49b0f3] Command: /usr/bin/env chmod 700 /tmp/git-ssh-VotaPrato-production-emanoel.sh
  INFO [bd49b0f3] Finished in 0.009 seconds with exit status 0 (successful).
  INFO [26744c00] Running /usr/bin/env git ls-remote --heads https://github.com/emanoelopes/cp2-rails.git as votaprato@localhost
 DEBUG [26744c00] Command: ( export GIT_ASKPASS="/bin/echo" GIT_SSH="/tmp/git-ssh-VotaPrato-production-emanoel.sh" ; /usr/bin/env git ls-remote --heads https://github.com/emanoelopes/cp2-rails.git )
 DEBUG [26744c00] 	0cd5e3348ae4a195b04412f15fef4c26a0fc2dc2	refs/heads/master
4769ce399102e28ce07f5b331a950a0dc211b41c	refs/heads/rails-observers
81e4ff06fffc6753ab71d321ecad851b5eb70aea	refs/heads/wisper
  INFO [26744c00] Finished in 0.992 seconds with exit status 0 (successful).
  INFO [9477ae17] Running /usr/bin/env mkdir -p /var/www/votaprato/app/shared /var/www/votaprato/app/releases as votaprato@localhost
 DEBUG [9477ae17] Command: /usr/bin/env mkdir -p /var/www/votaprato/app/shared /var/www/votaprato/app/releases
  INFO [9477ae17] Finished in 0.010 seconds with exit status 0 (successful).
  INFO [61089396] Running /usr/bin/env mkdir -p /var/www/votaprato/app/shared/public/assets as votaprato@localhost
 DEBUG [61089396] Command: /usr/bin/env mkdir -p /var/www/votaprato/app/shared/public/assets
  INFO [61089396] Finished in 0.007 seconds with exit status 0 (successful).
 DEBUG [ec316ff3] Running [ -f /var/www/votaprato/app/current/REVISION ] as votaprato@localhost
 DEBUG [ec316ff3] Command: [ -f /var/www/votaprato/app/current/REVISION ]
 DEBUG [ec316ff3] Finished in 0.005 seconds with exit status 1 (failed).
 DEBUG [bca5da0f] Running [ -f /var/www/votaprato/app/repo/HEAD ] as votaprato@localhost
 DEBUG [bca5da0f] Command: [ -f /var/www/votaprato/app/repo/HEAD ]
 DEBUG [bca5da0f] Finished in 0.006 seconds with exit status 0 (successful).
  INFO The repository mirror is at /var/www/votaprato/app/repo
 DEBUG [07a548a3] Running if test ! -d /var/www/votaprato/app/repo; then echo "Directory does not exist '/var/www/votaprato/app/repo'" 1>&2; false; fi as votaprato@localhost
 DEBUG [07a548a3] Command: if test ! -d /var/www/votaprato/app/repo; then echo "Directory does not exist '/var/www/votaprato/app/repo'" 1>&2; false; fi
 DEBUG [07a548a3] Finished in 0.005 seconds with exit status 0 (successful).
  INFO [03b9fc29] Running /usr/bin/env git remote update --prune as votaprato@localhost
 DEBUG [03b9fc29] Command: cd /var/www/votaprato/app/repo && ( export GIT_ASKPASS="/bin/echo" GIT_SSH="/tmp/git-ssh-VotaPrato-production-emanoel.sh" ; /usr/bin/env git remote update --prune )
 DEBUG [03b9fc29] 	Fetching origin
 DEBUG [03b9fc29] 	From https://github.com/emanoelopes/cp2-rails
   81e4ff0..0cd5e33  master     -> master
  INFO [03b9fc29] Finished in 2.267 seconds with exit status 0 (successful).
 DEBUG [acdff162] Running if test ! -d /var/www/votaprato/app/repo; then echo "Directory does not exist '/var/www/votaprato/app/repo'" 1>&2; false; fi as votaprato@localhost
 DEBUG [acdff162] Command: if test ! -d /var/www/votaprato/app/repo; then echo "Directory does not exist '/var/www/votaprato/app/repo'" 1>&2; false; fi
 DEBUG [acdff162] Finished in 0.005 seconds with exit status 0 (successful).
  INFO [f4988998] Running /usr/bin/env mkdir -p /var/www/votaprato/app/releases/20161013191136 as votaprato@localhost
 DEBUG [f4988998] Command: cd /var/www/votaprato/app/repo && ( export GIT_ASKPASS="/bin/echo" GIT_SSH="/tmp/git-ssh-VotaPrato-production-emanoel.sh" ; /usr/bin/env mkdir -p /var/www/votaprato/app/releases/20161013191136 )
  INFO [f4988998] Finished in 0.008 seconds with exit status 0 (successful).
  INFO [fd742972] Running /usr/bin/env git archive master | tar -x -f - -C /var/www/votaprato/app/releases/20161013191136 as votaprato@localhost
 DEBUG [fd742972] Command: cd /var/www/votaprato/app/repo && ( export GIT_ASKPASS="/bin/echo" GIT_SSH="/tmp/git-ssh-VotaPrato-production-emanoel.sh" ; /usr/bin/env git archive master | tar -x -f - -C /var/www/votaprato/app/releases/20161013191136 )
  INFO [fd742972] Finished in 0.036 seconds with exit status 0 (successful).
 DEBUG [c80feca6] Running if test ! -d /var/www/votaprato/app/repo; then echo "Directory does not exist '/var/www/votaprato/app/repo'" 1>&2; false; fi as votaprato@localhost
 DEBUG [c80feca6] Command: if test ! -d /var/www/votaprato/app/repo; then echo "Directory does not exist '/var/www/votaprato/app/repo'" 1>&2; false; fi
 DEBUG [c80feca6] Finished in 0.005 seconds with exit status 0 (successful).
 DEBUG [c3705dc6] Running /usr/bin/env git rev-list --max-count=1 master as votaprato@localhost
 DEBUG [c3705dc6] Command: cd /var/www/votaprato/app/repo && ( export GIT_ASKPASS="/bin/echo" GIT_SSH="/tmp/git-ssh-VotaPrato-production-emanoel.sh" ; /usr/bin/env git rev-list --max-count=1 master )
 DEBUG [c3705dc6] 	0cd5e3348ae4a195b04412f15fef4c26a0fc2dc2
 DEBUG [c3705dc6] Finished in 0.013 seconds with exit status 0 (successful).
 DEBUG [b4988d81] Running if test ! -d /var/www/votaprato/app/releases/20161013191136; then echo "Directory does not exist '/var/www/votaprato/app/releases/20161013191136'" 1>&2; false; fi as votaprato@localhost
 DEBUG [b4988d81] Command: if test ! -d /var/www/votaprato/app/releases/20161013191136; then echo "Directory does not exist '/var/www/votaprato/app/releases/20161013191136'" 1>&2; false; fi
 DEBUG [b4988d81] Finished in 0.005 seconds with exit status 0 (successful).
  INFO [7d95767c] Running /usr/bin/env echo "0cd5e3348ae4a195b04412f15fef4c26a0fc2dc2" >> REVISION as votaprato@localhost
 DEBUG [7d95767c] Command: cd /var/www/votaprato/app/releases/20161013191136 && /usr/bin/env echo "0cd5e3348ae4a195b04412f15fef4c26a0fc2dc2" >> REVISION
  INFO [7d95767c] Finished in 0.007 seconds with exit status 0 (successful).
  INFO [701443f9] Running /usr/bin/env mkdir -p /var/www/votaprato/app/releases/20161013191136/public as votaprato@localhost
 DEBUG [701443f9] Command: /usr/bin/env mkdir -p /var/www/votaprato/app/releases/20161013191136/public
  INFO [701443f9] Finished in 0.007 seconds with exit status 0 (successful).
 DEBUG [4e7d511c] Running [ -L /var/www/votaprato/app/releases/20161013191136/public/assets ] as votaprato@localhost
 DEBUG [4e7d511c] Command: [ -L /var/www/votaprato/app/releases/20161013191136/public/assets ]
 DEBUG [4e7d511c] Finished in 0.006 seconds with exit status 1 (failed).
 DEBUG [9fc173a4] Running [ -d /var/www/votaprato/app/releases/20161013191136/public/assets ] as votaprato@localhost
 DEBUG [9fc173a4] Command: [ -d /var/www/votaprato/app/releases/20161013191136/public/assets ]
 DEBUG [9fc173a4] Finished in 0.006 seconds with exit status 1 (failed).
  INFO [758e368b] Running /usr/bin/env ln -s /var/www/votaprato/app/shared/public/assets /var/www/votaprato/app/releases/20161013191136/public/assets as votaprato@localhost
 DEBUG [758e368b] Command: /usr/bin/env ln -s /var/www/votaprato/app/shared/public/assets /var/www/votaprato/app/releases/20161013191136/public/assets
  INFO [758e368b] Finished in 0.006 seconds with exit status 0 (successful).
 DEBUG [4a45088e] Running if test ! -d /var/www/votaprato/app/releases/20161013191136; then echo "Directory does not exist '/var/www/votaprato/app/releases/20161013191136'" 1>&2; false; fi as votaprato@localhost
 DEBUG [4a45088e] Command: if test ! -d /var/www/votaprato/app/releases/20161013191136; then echo "Directory does not exist '/var/www/votaprato/app/releases/20161013191136'" 1>&2; false; fi
 DEBUG [4a45088e] Finished in 0.005 seconds with exit status 0 (successful).
 DEBUG [8ea53ab4] Running /usr/bin/env bundle check --path /var/www/votaprato/app/shared/bundle as votaprato@localhost
 DEBUG [8ea53ab4] Command: cd /var/www/votaprato/app/releases/20161013191136 && /usr/bin/env bundle check --path /var/www/votaprato/app/shared/bundle
 DEBUG [8ea53ab4] 	Could not locate Gemfile
 DEBUG [8ea53ab4] Finished in 0.313 seconds with exit status 10 (failed).
  INFO [871c0d75] Running /usr/bin/env bundle install --path /var/www/votaprato/app/shared/bundle --without development test --deployment --quiet as votaprato@localhost
 DEBUG [871c0d75] Command: cd /var/www/votaprato/app/releases/20161013191136 && /usr/bin/env bundle install --path /var/www/votaprato/app/shared/bundle --without development test --deployment --quiet
 DEBUG [871c0d75] 	Could not locate Gemfile
