D, [2016-10-11T12:47:15.814282 #21872] DEBUG -- :   [1m[36m (323.4ms)[0m  [1mCREATE TABLE `schema_migrations` (`version` varchar(255) NOT NULL) ENGINE=InnoDB[0m
D, [2016-10-11T12:47:16.316030 #21872] DEBUG -- :   [1m[35m (492.3ms)[0m  CREATE UNIQUE INDEX `unique_schema_migrations`  ON `schema_migrations` (`version`) 
D, [2016-10-11T12:47:16.317817 #21872] DEBUG -- :   [1m[36mActiveRecord::SchemaMigration Load (0.3ms)[0m  [1mSELECT `schema_migrations`.* FROM `schema_migrations`[0m
I, [2016-10-11T12:47:16.336382 #21872]  INFO -- : Migrating to CreateRestaurantes (20160826181623)
D, [2016-10-11T12:47:16.604983 #21872] DEBUG -- :   [1m[35m (266.6ms)[0m  CREATE TABLE `restaurantes` (`id` int(11) auto_increment PRIMARY KEY, `nome` varchar(80), `endereco` varchar(255), `created_at` datetime NOT NULL, `updated_at` datetime NOT NULL) ENGINE=InnoDB
D, [2016-10-11T12:47:16.607007 #21872] DEBUG -- :   [1m[36m (0.2ms)[0m  [1mBEGIN[0m
D, [2016-10-11T12:47:16.628447 #21872] DEBUG -- :   [1m[35mSQL (17.2ms)[0m  INSERT INTO `schema_migrations` (`version`) VALUES ('20160826181623')
D, [2016-10-11T12:47:16.660571 #21872] DEBUG -- :   [1m[36m (31.6ms)[0m  [1mCOMMIT[0m
I, [2016-10-11T12:47:16.660752 #21872]  INFO -- : Migrating to AddColumnEspecialidadeToRestaurante (20160826182211)
D, [2016-10-11T12:47:17.151159 #21872] DEBUG -- :   [1m[35m (489.3ms)[0m  ALTER TABLE `restaurantes` ADD `especialidade` varchar(40)
D, [2016-10-11T12:47:17.151935 #21872] DEBUG -- :   [1m[36m (0.2ms)[0m  [1mBEGIN[0m
D, [2016-10-11T12:47:17.152823 #21872] DEBUG -- :   [1m[35mSQL (0.3ms)[0m  INSERT INTO `schema_migrations` (`version`) VALUES ('20160826182211')
D, [2016-10-11T12:47:17.195401 #21872] DEBUG -- :   [1m[36m (42.3ms)[0m  [1mCOMMIT[0m
I, [2016-10-11T12:47:17.195583 #21872]  INFO -- : Migrating to CreateClientes (20160829173846)
D, [2016-10-11T12:47:17.453974 #21872] DEBUG -- :   [1m[35m (256.7ms)[0m  CREATE TABLE `clientes` (`id` int(11) auto_increment PRIMARY KEY, `nome` varchar(80), `idade` int(11), `created_at` datetime, `updated_at` datetime) ENGINE=InnoDB
D, [2016-10-11T12:47:17.454676 #21872] DEBUG -- :   [1m[36m (0.1ms)[0m  [1mBEGIN[0m
D, [2016-10-11T12:47:17.455571 #21872] DEBUG -- :   [1m[35mSQL (0.3ms)[0m  INSERT INTO `schema_migrations` (`version`) VALUES ('20160829173846')
D, [2016-10-11T12:47:17.487370 #21872] DEBUG -- :   [1m[36m (31.5ms)[0m  [1mCOMMIT[0m
I, [2016-10-11T12:47:17.487573 #21872]  INFO -- : Migrating to CreatePratos (20160829174406)
D, [2016-10-11T12:47:17.721566 #21872] DEBUG -- :   [1m[35m (232.7ms)[0m  CREATE TABLE `pratos` (`id` int(11) auto_increment PRIMARY KEY, `nome` varchar(80), `created_at` datetime NOT NULL, `updated_at` datetime NOT NULL) ENGINE=InnoDB
D, [2016-10-11T12:47:17.722289 #21872] DEBUG -- :   [1m[36m (0.1ms)[0m  [1mBEGIN[0m
D, [2016-10-11T12:47:17.723137 #21872] DEBUG -- :   [1m[35mSQL (0.3ms)[0m  INSERT INTO `schema_migrations` (`version`) VALUES ('20160829174406')
D, [2016-10-11T12:47:17.754903 #21872] DEBUG -- :   [1m[36m (31.4ms)[0m  [1mCOMMIT[0m
I, [2016-10-11T12:47:17.755061 #21872]  INFO -- : Migrating to CreateReceitas (20160829174728)
D, [2016-10-11T12:47:18.022378 #21872] DEBUG -- :   [1m[35m (266.0ms)[0m  CREATE TABLE `receitas` (`id` int(11) auto_increment PRIMARY KEY, `conteudo` text, `created_at` datetime NOT NULL, `updated_at` datetime NOT NULL) ENGINE=InnoDB
D, [2016-10-11T12:47:18.023133 #21872] DEBUG -- :   [1m[36m (0.1ms)[0m  [1mBEGIN[0m
D, [2016-10-11T12:47:18.024050 #21872] DEBUG -- :   [1m[35mSQL (0.3ms)[0m  INSERT INTO `schema_migrations` (`version`) VALUES ('20160829174728')
D, [2016-10-11T12:47:18.055697 #21872] DEBUG -- :   [1m[36m (31.3ms)[0m  [1mCOMMIT[0m
I, [2016-10-11T12:47:18.055855 #21872]  INFO -- : Migrating to CreateQualificacoes (20160829175042)
D, [2016-10-11T12:47:18.334255 #21872] DEBUG -- :   [1m[35m (277.0ms)[0m  CREATE TABLE `qualificacoes` (`id` int(11) auto_increment PRIMARY KEY, `nota` float, `valor_gasto` float, `created_at` datetime NOT NULL, `updated_at` datetime NOT NULL) ENGINE=InnoDB
D, [2016-10-11T12:47:18.335021 #21872] DEBUG -- :   [1m[36m (0.2ms)[0m  [1mBEGIN[0m
D, [2016-10-11T12:47:18.335928 #21872] DEBUG -- :   [1m[35mSQL (0.3ms)[0m  INSERT INTO `schema_migrations` (`version`) VALUES ('20160829175042')
D, [2016-10-11T12:47:18.378643 #21872] DEBUG -- :   [1m[36m (42.4ms)[0m  [1mCOMMIT[0m
I, [2016-10-11T12:47:18.378817 #21872]  INFO -- : Migrating to AddColumnPratoIdToReceitas (20160829182358)
D, [2016-10-11T12:47:18.871361 #21872] DEBUG -- :   [1m[35m (491.2ms)[0m  ALTER TABLE `receitas` ADD `prato_id` int(11)
D, [2016-10-11T12:47:18.872151 #21872] DEBUG -- :   [1m[36m (0.2ms)[0m  [1mBEGIN[0m
D, [2016-10-11T12:47:18.873014 #21872] DEBUG -- :   [1m[35mSQL (0.3ms)[0m  INSERT INTO `schema_migrations` (`version`) VALUES ('20160829182358')
D, [2016-10-11T12:47:18.904740 #21872] DEBUG -- :   [1m[36m (31.4ms)[0m  [1mCOMMIT[0m
I, [2016-10-11T12:47:18.904911 #21872]  INFO -- : Migrating to AddClienteIdAndRestauranteIdToQualificacoes (20160829182616)
D, [2016-10-11T12:47:19.362320 #21872] DEBUG -- :   [1m[35m (456.2ms)[0m  ALTER TABLE `qualificacoes` ADD `cliente_id` int(11)
D, [2016-10-11T12:47:19.852429 #21872] DEBUG -- :   [1m[36m (489.7ms)[0m  [1mALTER TABLE `qualificacoes` ADD `restaurante_id` int(11)[0m
D, [2016-10-11T12:47:19.853122 #21872] DEBUG -- :   [1m[35m (0.1ms)[0m  BEGIN
D, [2016-10-11T12:47:19.854036 #21872] DEBUG -- :   [1m[36mSQL (0.3ms)[0m  [1mINSERT INTO `schema_migrations` (`version`) VALUES ('20160829182616')[0m
D, [2016-10-11T12:47:19.896551 #21872] DEBUG -- :   [1m[35m (42.2ms)[0m  COMMIT
I, [2016-10-11T12:47:19.896713 #21872]  INFO -- : Migrating to CreatePratosRestaurantesJoinTable (20160829182718)
D, [2016-10-11T12:47:20.141827 #21872] DEBUG -- :   [1m[36m (243.9ms)[0m  [1mCREATE TABLE `pratos_restaurantes` (`prato_id` int(11), `restaurante_id` int(11)) ENGINE=InnoDB[0m
D, [2016-10-11T12:47:20.142527 #21872] DEBUG -- :   [1m[35m (0.1ms)[0m  BEGIN
D, [2016-10-11T12:47:20.143947 #21872] DEBUG -- :   [1m[36mSQL (0.7ms)[0m  [1mINSERT INTO `schema_migrations` (`version`) VALUES ('20160829182718')[0m
D, [2016-10-11T12:47:20.175164 #21872] DEBUG -- :   [1m[35m (30.8ms)[0m  COMMIT
I, [2016-10-11T12:47:20.175322 #21872]  INFO -- : Migrating to AddColumnNomeToQualificacoes (20160915172127)
D, [2016-10-11T12:47:20.623738 #21872] DEBUG -- :   [1m[36m (435.4ms)[0m  [1mALTER TABLE `qualificacoes` ADD `nome` varchar(40)[0m
D, [2016-10-11T12:47:20.624427 #21872] DEBUG -- :   [1m[35m (0.1ms)[0m  BEGIN
D, [2016-10-11T12:47:20.625314 #21872] DEBUG -- :   [1m[36mSQL (0.3ms)[0m  [1mINSERT INTO `schema_migrations` (`version`) VALUES ('20160915172127')[0m
D, [2016-10-11T12:47:20.668093 #21872] DEBUG -- :   [1m[35m (42.4ms)[0m  COMMIT
I, [2016-10-11T12:47:20.668254 #21872]  INFO -- : Migrating to RemoveFotoFromRestaurantes (20160926165119)
D, [2016-10-11T12:47:20.677037 #21872] DEBUG -- :   [1m[36m (0.5ms)[0m  [1mALTER TABLE `restaurantes` DROP `foto_updated_at`[0m
